<?xml version="1.0" encoding="UTF-8" ?>
<testsuite tests="28" failures="0" name="fiuba.RunFeatureTest" time="0.006" errors="0" skipped="0">
  <properties>
    <property name="java.runtime.name" value="Java(TM) SE Runtime Environment"/>
    <property name="sun.boot.library.path" value="C:\Program Files\Java\jdk1.8.0_171\jre\bin"/>
    <property name="java.vm.version" value="25.171-b11"/>
    <property name="java.vm.vendor" value="Oracle Corporation"/>
    <property name="maven.multiModuleProjectDirectory" value="C:\Users\Nacho\Documents\GitHub\CucumberAninfo2018"/>
    <property name="java.vendor.url" value="http://java.oracle.com/"/>
    <property name="path.separator" value=";"/>
    <property name="guice.disable.misplaced.annotation.check" value="true"/>
    <property name="java.vm.name" value="Java HotSpot(TM) 64-Bit Server VM"/>
    <property name="file.encoding.pkg" value="sun.io"/>
    <property name="user.script" value=""/>
    <property name="user.country" value="ES"/>
    <property name="sun.java.launcher" value="SUN_STANDARD"/>
    <property name="sun.os.patch.level" value=""/>
    <property name="java.vm.specification.name" value="Java Virtual Machine Specification"/>
    <property name="user.dir" value="C:\Users\Nacho\Documents\GitHub\CucumberAninfo2018"/>
    <property name="java.runtime.version" value="1.8.0_171-b11"/>
    <property name="java.awt.graphicsenv" value="sun.awt.Win32GraphicsEnvironment"/>
    <property name="java.endorsed.dirs" value="C:\Program Files\Java\jdk1.8.0_171\jre\lib\endorsed"/>
    <property name="os.arch" value="amd64"/>
    <property name="java.io.tmpdir" value="C:\Users\Nacho\AppData\Local\Temp\"/>
    <property name="line.separator" value="
"/>
    <property name="java.vm.specification.vendor" value="Oracle Corporation"/>
    <property name="user.variant" value=""/>
    <property name="os.name" value="Windows 10"/>
    <property name="classworlds.conf" value="C:\Program Files\apache-maven-3.5.4\bin\..\bin\m2.conf"/>
    <property name="sun.jnu.encoding" value="Cp1252"/>
    <property name="java.library.path" value="C:\Program Files\Java\jdk1.8.0_171\bin;C:\Windows\Sun\Java\bin;C:\Windows\system32;C:\Windows;C:\Program Files (x86)\Common Files\Oracle\Java\javapath;C:\Windows\system32;C:\Windows;C:\Windows\System32\Wbem;C:\Windows\System32\WindowsPowerShell\v1.0\;C:\Windows\System32\OpenSSH\;C:\Program Files\Git\cmd;C:\Program Files\apache-maven-3.5.4\bin;C:\Program Files\Java\jdk1.8.0_171\bin;C:\Users\Nacho\AppData\Local\Microsoft\WindowsApps;C:\Users\Nacho\AppData\Local\GitHubDesktop\bin;."/>
    <property name="maven.conf" value="C:\Program Files\apache-maven-3.5.4\bin\../conf"/>
    <property name="java.specification.name" value="Java Platform API Specification"/>
    <property name="java.class.version" value="52.0"/>
    <property name="sun.management.compiler" value="HotSpot 64-Bit Tiered Compilers"/>
    <property name="os.version" value="10.0"/>
    <property name="library.jansi.path" value="C:\Program Files\apache-maven-3.5.4\bin\..\lib\jansi-native"/>
    <property name="user.home" value="C:\Users\Nacho"/>
    <property name="user.timezone" value="America/Buenos_Aires"/>
    <property name="java.awt.printerjob" value="sun.awt.windows.WPrinterJob"/>
    <property name="java.specification.version" value="1.8"/>
    <property name="file.encoding" value="Cp1252"/>
    <property name="user.name" value="Nacho"/>
    <property name="java.class.path" value="C:\Program Files\apache-maven-3.5.4\bin\..\boot\plexus-classworlds-2.5.2.jar"/>
    <property name="java.vm.specification.version" value="1.8"/>
    <property name="sun.arch.data.model" value="64"/>
    <property name="java.home" value="C:\Program Files\Java\jdk1.8.0_171\jre"/>
    <property name="sun.java.command" value="org.codehaus.plexus.classworlds.launcher.Launcher test"/>
    <property name="java.specification.vendor" value="Oracle Corporation"/>
    <property name="user.language" value="es"/>
    <property name="awt.toolkit" value="sun.awt.windows.WToolkit"/>
    <property name="java.vm.info" value="mixed mode"/>
    <property name="java.version" value="1.8.0_171"/>
    <property name="java.ext.dirs" value="C:\Program Files\Java\jdk1.8.0_171\jre\lib\ext;C:\Windows\Sun\Java\lib\ext"/>
    <property name="sun.boot.class.path" value="C:\Program Files\Java\jdk1.8.0_171\jre\lib\resources.jar;C:\Program Files\Java\jdk1.8.0_171\jre\lib\rt.jar;C:\Program Files\Java\jdk1.8.0_171\jre\lib\sunrsasign.jar;C:\Program Files\Java\jdk1.8.0_171\jre\lib\jsse.jar;C:\Program Files\Java\jdk1.8.0_171\jre\lib\jce.jar;C:\Program Files\Java\jdk1.8.0_171\jre\lib\charsets.jar;C:\Program Files\Java\jdk1.8.0_171\jre\lib\jfr.jar;C:\Program Files\Java\jdk1.8.0_171\jre\classes"/>
    <property name="sun.stderr.encoding" value="cp850"/>
    <property name="java.vendor" value="Oracle Corporation"/>
    <property name="maven.home" value="C:\Program Files\apache-maven-3.5.4\bin\.."/>
    <property name="file.separator" value="\"/>
    <property name="java.vendor.url.bug" value="http://bugreport.sun.com/bugreport/"/>
    <property name="sun.cpu.endian" value="little"/>
    <property name="sun.io.unicode.encoding" value="UnicodeLittle"/>
    <property name="sun.stdout.encoding" value="cp850"/>
    <property name="sun.desktop" value="windows"/>
    <property name="sun.cpu.isalist" value="amd64"/>
  </properties>
  <testcase classname="Escenario: Se le quiere asignar una tarea ocupada a un empelado" name="Dado que tengo la &quot;tarea1&quot; &quot;ocupada&quot;" time="0.003"/>
  <testcase classname="Escenario: Se le quiere asignar una tarea ocupada a un empelado" name="Cuando se la asigna al &quot;empleado1&quot;" time="0"/>
  <testcase classname="Escenario: Se le quiere asignar una tarea ocupada a un empelado" name="Entonces la &quot;tarea1&quot; no queda asignada al &quot;empleado1&quot;." time="0"/>
  <testcase classname="Escenario: Se le quiere asignar una tarea ocupada a un empelado" name="Escenario: Se le quiere asignar una tarea ocupada a un empelado" time="0.001"/>
  <testcase classname="Escenario: Se le quiere asignar una tarea libre a un empelado que esta asignado al proyecto" name="Dado que el &quot;empleado1&quot; esta asignado al &quot;proyecto1&quot;" time="0"/>
  <testcase classname="Escenario: Se le quiere asignar una tarea libre a un empelado que esta asignado al proyecto" name="Cuando se le asigna la &quot;tarea1&quot; &quot;libre&quot; del &quot;proyecto1&quot; al &quot;empleado1&quot;" time="0"/>
  <testcase classname="Escenario: Se le quiere asignar una tarea libre a un empelado que esta asignado al proyecto" name="Entonces la &quot;tarea1&quot; queda asignada al &quot;empleado1&quot;." time="0"/>
  <testcase classname="Escenario: Se le quiere asignar una tarea libre a un empelado que esta asignado al proyecto" name="Escenario: Se le quiere asignar una tarea libre a un empelado que esta asignado al proyecto" time="0.001"/>
  <testcase classname="Escenario: Se le quiere asignar una tarea libre a un empelado que no esta asignado al proyecto" name="Dado que el &quot;empleado1&quot; esta asignado al &quot;proyecto2&quot;" time="0"/>
  <testcase classname="Escenario: Se le quiere asignar una tarea libre a un empelado que no esta asignado al proyecto" name="Cuando se le asigna la &quot;tarea1&quot; &quot;libre&quot; del &quot;proyecto1&quot; al &quot;empleado1&quot;" time="0"/>
  <testcase classname="Escenario: Se le quiere asignar una tarea libre a un empelado que no esta asignado al proyecto" name="Entonces la &quot;tarea1&quot; no queda asignada al &quot;empleado1&quot;." time="0"/>
  <testcase classname="Escenario: Se le quiere asignar una tarea libre a un empelado que no esta asignado al proyecto" name="Escenario: Se le quiere asignar una tarea libre a un empelado que no esta asignado al proyecto" time="0.001"/>
  <testcase classname="Escenario: Se le quiere asignar una tarea libre de otra iteracion a un empelado" name="Dado que el &quot;empleado1&quot; esta asignado a el &quot;proyecto1&quot; en la &quot;iteracion2&quot;" time="0"/>
  <testcase classname="Escenario: Se le quiere asignar una tarea libre de otra iteracion a un empelado" name="Cuando se le asigna la &quot;tarea1&quot; &quot;libre&quot; de la &quot;iteracion1&quot; a el &quot;empleado1&quot;" time="0"/>
  <testcase classname="Escenario: Se le quiere asignar una tarea libre de otra iteracion a un empelado" name="Entonces la &quot;tarea1&quot; no queda asignada al &quot;empleado1&quot;." time="0"/>
  <testcase classname="Escenario: Se le quiere asignar una tarea libre de otra iteracion a un empelado" name="Escenario: Se le quiere asignar una tarea libre de otra iteracion a un empelado" time="0"/>
  <testcase classname="Escenario: Se le quiere asignar una tarea libre de la iteracion actual a un empelado" name="Dado que el &quot;empleado1&quot; esta asignado a el &quot;proyecto1&quot; en la &quot;iteracion2&quot;" time="0"/>
  <testcase classname="Escenario: Se le quiere asignar una tarea libre de la iteracion actual a un empelado" name="Cuando se le asigna la &quot;tarea1&quot; &quot;libre&quot; de la &quot;iteracion2&quot; a el &quot;empleado1&quot;" time="0"/>
  <testcase classname="Escenario: Se le quiere asignar una tarea libre de la iteracion actual a un empelado" name="Entonces la &quot;tarea1&quot; queda asignada al &quot;empleado1&quot;." time="0"/>
  <testcase classname="Escenario: Se le quiere asignar una tarea libre de la iteracion actual a un empelado" name="Escenario: Se le quiere asignar una tarea libre de la iteracion actual a un empelado" time="0"/>
  <testcase classname="Escenario: Se le quiere asignar una tarea libre a un empelado que no tiene habilidades para resolverla" name="Dado que el &quot;empleado1&quot; que no tiene la habilidad &quot;JAVA&quot;" time="0"/>
  <testcase classname="Escenario: Se le quiere asignar una tarea libre a un empelado que no tiene habilidades para resolverla" name="Cuando se le asigna la &quot;tarea1&quot; &quot;libre&quot; que requiere la habilidad &quot;JAVA&quot; al &quot;empleado1&quot;" time="0"/>
  <testcase classname="Escenario: Se le quiere asignar una tarea libre a un empelado que no tiene habilidades para resolverla" name="Entonces la &quot;tarea1&quot; no queda asignada al &quot;empleado1&quot;." time="0"/>
  <testcase classname="Escenario: Se le quiere asignar una tarea libre a un empelado que no tiene habilidades para resolverla" name="Escenario: Se le quiere asignar una tarea libre a un empelado que no tiene habilidades para resolverla" time="0"/>
  <testcase classname="Escenario: Se le quiere asignar una tarea libre a un empelado que tiene habilidades para resolverla" name="Dado que el &quot;empleado1&quot; que tiene la habilidad &quot;JAVA&quot;" time="0"/>
  <testcase classname="Escenario: Se le quiere asignar una tarea libre a un empelado que tiene habilidades para resolverla" name="Cuando se le asigna la &quot;tarea1&quot; &quot;libre&quot; que requiere la habilidad &quot;JAVA&quot; al &quot;empleado1&quot;" time="0"/>
  <testcase classname="Escenario: Se le quiere asignar una tarea libre a un empelado que tiene habilidades para resolverla" name="Entonces la &quot;tarea1&quot; queda asignada al &quot;empleado1&quot;." time="0"/>
  <testcase classname="Escenario: Se le quiere asignar una tarea libre a un empelado que tiene habilidades para resolverla" name="Escenario: Se le quiere asignar una tarea libre a un empelado que tiene habilidades para resolverla" time="0"/>
</testsuite>